0 info it worked if it ends with ok
1 verbose cli [ '/home/rajol/.nvm/versions/node/v6.10.3/bin/node',
1 verbose cli   '/home/rajol/.nvm/versions/node/v6.10.3/bin/npm',
1 verbose cli   'start',
1 verbose cli   'puzzle1',
1 verbose cli   'file_that_contains_the_solution.json' ]
2 info using npm@3.10.10
3 info using node@v6.10.3
4 verbose stack Error: ENOENT: no such file or directory, open '/home/rajol/projets6/robot/projetss6-robot-15528/src/package.json'
4 verbose stack     at Error (native)
5 verbose cwd /home/rajol/projets6/robot/projetss6-robot-15528/src
6 error Linux 5.13.0-39-generic
7 error argv "/home/rajol/.nvm/versions/node/v6.10.3/bin/node" "/home/rajol/.nvm/versions/node/v6.10.3/bin/npm" "start" "puzzle1" "file_that_contains_the_solution.json"
8 error node v6.10.3
9 error npm  v3.10.10
10 error path /home/rajol/projets6/robot/projetss6-robot-15528/src/package.json
11 error code ENOENT
12 error errno -2
13 error syscall open
14 error enoent ENOENT: no such file or directory, open '/home/rajol/projets6/robot/projetss6-robot-15528/src/package.json'
15 error enoent ENOENT: no such file or directory, open '/home/rajol/projets6/robot/projetss6-robot-15528/src/package.json'
15 error enoent This is most likely not a problem with npm itself
15 error enoent and is related to npm not being able to find a file.
16 verbose exit [ -2, true ]
